[30-Nov-2011 12:42:29] PHP Notice:  Undefined index: ACTION in /var/www/wakaisangyo/doc_root/contact/index.php on line 14
[30-Nov-2011 12:42:29] PHP Notice:  Only variable references should be returned by reference in /var/www/wakaisangyo/doc_root/utils/CustomSmarty.class.php on line 50
[06-Dec-2011 10:00:32] PHP Notice:  Undefined index: ACTION in /var/www/wakaisangyo/doc_root/contact/index.php on line 14
[06-Dec-2011 10:00:32] PHP Notice:  Only variable references should be returned by reference in /var/www/wakaisangyo/doc_root/utils/CustomSmarty.class.php on line 50
[06-Dec-2011 10:02:28] PHP Notice:  Undefined index: ACTION in /var/www/wakaisangyo/doc_root/contact/index.php on line 14
[06-Dec-2011 10:02:28] PHP Notice:  Only variable references should be returned by reference in /var/www/wakaisangyo/doc_root/utils/CustomSmarty.class.php on line 50
[06-Dec-2011 10:02:28] PHP Warning:  strftime(): It is not safe to rely on the system's timezone settings. You are *required* to use the date.timezone setting or the date_default_timezone_set() function. In case you used any of those methods and you are still getting this warning, you most likely misspelled the timezone identifier. We selected 'Asia/Tokyo' for 'JST/9.0/no DST' instead in /var/www/wakaisangyo/doc_root/libs/Smarty/Smarty_Compiler.class.php on line 393
[06-Dec-2011 10:02:38] PHP Notice:  Use of undefined constant get_magic_quotes_gpc - assumed 'get_magic_quotes_gpc' in /var/www/wakaisangyo/doc_root/libs/dynamicMail/DynamicMailForm.class.php on line 48
[06-Dec-2011 10:02:38] PHP Notice:  Use of undefined constant get_magic_quotes_gpc - assumed 'get_magic_quotes_gpc' in /var/www/wakaisangyo/doc_root/libs/dynamicMail/DynamicMailForm.class.php on line 48
[06-Dec-2011 10:02:38] PHP Notice:  Use of undefined constant get_magic_quotes_gpc - assumed 'get_magic_quotes_gpc' in /var/www/wakaisangyo/doc_root/libs/dynamicMail/DynamicMailForm.class.php on line 48
[06-Dec-2011 10:02:38] PHP Notice:  Use of undefined constant get_magic_quotes_gpc - assumed 'get_magic_quotes_gpc' in /var/www/wakaisangyo/doc_root/libs/dynamicMail/DynamicMailForm.class.php on line 48
[06-Dec-2011 10:02:38] PHP Notice:  Use of undefined constant get_magic_quotes_gpc - assumed 'get_magic_quotes_gpc' in /var/www/wakaisangyo/doc_root/libs/dynamicMail/DynamicMailForm.class.php on line 48
[06-Dec-2011 10:02:38] PHP Notice:  Use of undefined constant get_magic_quotes_gpc - assumed 'get_magic_quotes_gpc' in /var/www/wakaisangyo/doc_root/libs/dynamicMail/DynamicMailForm.class.php on line 48
[06-Dec-2011 10:02:38] PHP Notice:  Use of undefined constant get_magic_quotes_gpc - assumed 'get_magic_quotes_gpc' in /var/www/wakaisangyo/doc_root/libs/dynamicMail/DynamicMailForm.class.php on line 48
[06-Dec-2011 10:02:38] PHP Notice:  Use of undefined constant get_magic_quotes_gpc - assumed 'get_magic_quotes_gpc' in /var/www/wakaisangyo/doc_root/libs/dynamicMail/DynamicMailForm.class.php on line 48
[06-Dec-2011 10:02:38] PHP Notice:  Use of undefined constant get_magic_quotes_gpc - assumed 'get_magic_quotes_gpc' in /var/www/wakaisangyo/doc_root/libs/dynamicMail/DynamicMailForm.class.php on line 48
[06-Dec-2011 10:02:38] PHP Notice:  Use of undefined constant get_magic_quotes_gpc - assumed 'get_magic_quotes_gpc' in /var/www/wakaisangyo/doc_root/libs/dynamicMail/DynamicMailForm.class.php on line 48
[06-Dec-2011 10:02:38] PHP Notice:  Undefined index: ACTION in /var/www/wakaisangyo/doc_root/libs/dynamicMail/DynamicMailForm.class.php on line 46
[06-Dec-2011 10:02:38] PHP Notice:  Undefined index: CHECK_x in /var/www/wakaisangyo/doc_root/libs/dynamicMail/DynamicMailForm.class.php on line 46
[06-Dec-2011 10:02:38] PHP Notice:  Undefined index: CHECK_y in /var/www/wakaisangyo/doc_root/libs/dynamicMail/DynamicMailForm.class.php on line 46
[06-Dec-2011 10:02:38] PHP Notice:  Only variable references should be returned by reference in /var/www/wakaisangyo/doc_root/utils/CustomSmarty.class.php on line 50
[06-Dec-2011 18:43:58] PHP Notice:  Undefined index: ACTION in /var/www/wakaisangyo/doc_root/contact/index.php on line 14
[06-Dec-2011 18:43:58] PHP Notice:  Only variable references should be returned by reference in /var/www/wakaisangyo/doc_root/utils/CustomSmarty.class.php on line 50
[06-Dec-2011 18:43:58] PHP Warning:  strftime(): It is not safe to rely on the system's timezone settings. You are *required* to use the date.timezone setting or the date_default_timezone_set() function. In case you used any of those methods and you are still getting this warning, you most likely misspelled the timezone identifier. We selected 'Asia/Tokyo' for 'JST/9.0/no DST' instead in /var/www/wakaisangyo/doc_root/libs/Smarty/Smarty_Compiler.class.php on line 393
[06-Dec-2011 18:44:08] PHP Notice:  Undefined index: ACTION in /var/www/wakaisangyo/doc_root/contact/index.php on line 14
[06-Dec-2011 18:44:08] PHP Notice:  Only variable references should be returned by reference in /var/www/wakaisangyo/doc_root/utils/CustomSmarty.class.php on line 50
[06-Dec-2011 18:46:10] PHP Notice:  Undefined index: ACTION in /var/www/wakaisangyo/doc_root/contact/index.php on line 14
[06-Dec-2011 18:46:10] PHP Notice:  Only variable references should be returned by reference in /var/www/wakaisangyo/doc_root/utils/CustomSmarty.class.php on line 50
[06-Dec-2011 18:46:10] PHP Warning:  strftime(): It is not safe to rely on the system's timezone settings. You are *required* to use the date.timezone setting or the date_default_timezone_set() function. In case you used any of those methods and you are still getting this warning, you most likely misspelled the timezone identifier. We selected 'Asia/Tokyo' for 'JST/9.0/no DST' instead in /var/www/wakaisangyo/doc_root/libs/Smarty/Smarty_Compiler.class.php on line 393
[06-Dec-2011 18:46:10] PHP Warning:  strftime(): It is not safe to rely on the system's timezone settings. You are *required* to use the date.timezone setting or the date_default_timezone_set() function. In case you used any of those methods and you are still getting this warning, you most likely misspelled the timezone identifier. We selected 'Asia/Tokyo' for 'JST/9.0/no DST' instead in /var/www/wakaisangyo/doc_root/libs/Smarty/Smarty_Compiler.class.php on line 393
[06-Dec-2011 18:46:11] PHP Notice:  Undefined index: ACTION in /var/www/wakaisangyo/doc_root/contact/index.php on line 14
[06-Dec-2011 18:46:11] PHP Notice:  Only variable references should be returned by reference in /var/www/wakaisangyo/doc_root/utils/CustomSmarty.class.php on line 50
[06-Dec-2011 18:46:11] PHP Notice:  Undefined index: ACTION in /var/www/wakaisangyo/doc_root/contact/index.php on line 14
[06-Dec-2011 18:46:11] PHP Notice:  Only variable references should be returned by reference in /var/www/wakaisangyo/doc_root/utils/CustomSmarty.class.php on line 50
[06-Dec-2011 18:47:51] PHP Notice:  Undefined index: ACTION in /var/www/wakaisangyo/doc_root/contact/index.php on line 14
[06-Dec-2011 18:47:51] PHP Notice:  Only variable references should be returned by reference in /var/www/wakaisangyo/doc_root/utils/CustomSmarty.class.php on line 50
[06-Dec-2011 18:48:05] PHP Notice:  Use of undefined constant get_magic_quotes_gpc - assumed 'get_magic_quotes_gpc' in /var/www/wakaisangyo/doc_root/libs/dynamicMail/DynamicMailForm.class.php on line 48
[06-Dec-2011 18:48:05] PHP Notice:  Use of undefined constant get_magic_quotes_gpc - assumed 'get_magic_quotes_gpc' in /var/www/wakaisangyo/doc_root/libs/dynamicMail/DynamicMailForm.class.php on line 48
[06-Dec-2011 18:48:05] PHP Notice:  Use of undefined constant get_magic_quotes_gpc - assumed 'get_magic_quotes_gpc' in /var/www/wakaisangyo/doc_root/libs/dynamicMail/DynamicMailForm.class.php on line 48
[06-Dec-2011 18:48:05] PHP Notice:  Use of undefined constant get_magic_quotes_gpc - assumed 'get_magic_quotes_gpc' in /var/www/wakaisangyo/doc_root/libs/dynamicMail/DynamicMailForm.class.php on line 48
[06-Dec-2011 18:48:05] PHP Notice:  Use of undefined constant get_magic_quotes_gpc - assumed 'get_magic_quotes_gpc' in /var/www/wakaisangyo/doc_root/libs/dynamicMail/DynamicMailForm.class.php on line 48
[06-Dec-2011 18:48:05] PHP Notice:  Use of undefined constant get_magic_quotes_gpc - assumed 'get_magic_quotes_gpc' in /var/www/wakaisangyo/doc_root/libs/dynamicMail/DynamicMailForm.class.php on line 48
[06-Dec-2011 18:48:05] PHP Notice:  Use of undefined constant get_magic_quotes_gpc - assumed 'get_magic_quotes_gpc' in /var/www/wakaisangyo/doc_root/libs/dynamicMail/DynamicMailForm.class.php on line 48
[06-Dec-2011 18:48:05] PHP Notice:  Use of undefined constant get_magic_quotes_gpc - assumed 'get_magic_quotes_gpc' in /var/www/wakaisangyo/doc_root/libs/dynamicMail/DynamicMailForm.class.php on line 48
[06-Dec-2011 18:48:05] PHP Notice:  Use of undefined constant get_magic_quotes_gpc - assumed 'get_magic_quotes_gpc' in /var/www/wakaisangyo/doc_root/libs/dynamicMail/DynamicMailForm.class.php on line 48
[06-Dec-2011 18:48:05] PHP Notice:  Use of undefined constant get_magic_quotes_gpc - assumed 'get_magic_quotes_gpc' in /var/www/wakaisangyo/doc_root/libs/dynamicMail/DynamicMailForm.class.php on line 48
[06-Dec-2011 18:48:05] PHP Notice:  Undefined index: ACTION in /var/www/wakaisangyo/doc_root/libs/dynamicMail/DynamicMailForm.class.php on line 46
[06-Dec-2011 18:48:05] PHP Notice:  Undefined index: CHECK_x in /var/www/wakaisangyo/doc_root/libs/dynamicMail/DynamicMailForm.class.php on line 46
[06-Dec-2011 18:48:05] PHP Notice:  Undefined index: CHECK_y in /var/www/wakaisangyo/doc_root/libs/dynamicMail/DynamicMailForm.class.php on line 46
[06-Dec-2011 18:48:05] PHP Notice:  Only variable references should be returned by reference in /var/www/wakaisangyo/doc_root/utils/CustomSmarty.class.php on line 50
[06-Dec-2011 18:49:50] PHP Notice:  Undefined index: ACTION in /var/www/wakaisangyo/doc_root/contact/index.php on line 14
[06-Dec-2011 18:49:50] PHP Notice:  Only variable references should be returned by reference in /var/www/wakaisangyo/doc_root/utils/CustomSmarty.class.php on line 50
[06-Dec-2011 20:26:11] PHP Notice:  Undefined index: ACTION in /var/www/wakaisangyo/doc_root/contact/index.php on line 14
[06-Dec-2011 20:26:11] PHP Notice:  Only variable references should be returned by reference in /var/www/wakaisangyo/doc_root/utils/CustomSmarty.class.php on line 50
[06-Dec-2011 20:26:11] PHP Warning:  strftime(): It is not safe to rely on the system's timezone settings. You are *required* to use the date.timezone setting or the date_default_timezone_set() function. In case you used any of those methods and you are still getting this warning, you most likely misspelled the timezone identifier. We selected 'Asia/Tokyo' for 'JST/9.0/no DST' instead in /var/www/wakaisangyo/doc_root/libs/Smarty/Smarty_Compiler.class.php on line 393
[07-Dec-2011 09:55:21] PHP Notice:  Undefined index: ACTION in /var/www/wakaisangyo/doc_root/contact/index.php on line 14
[07-Dec-2011 09:55:21] PHP Notice:  Only variable references should be returned by reference in /var/www/wakaisangyo/doc_root/utils/CustomSmarty.class.php on line 50
[07-Dec-2011 09:55:24] PHP Notice:  Undefined index: ACTION in /var/www/wakaisangyo/doc_root/contact/index.php on line 14
[07-Dec-2011 09:55:24] PHP Notice:  Only variable references should be returned by reference in /var/www/wakaisangyo/doc_root/utils/CustomSmarty.class.php on line 50
[07-Dec-2011 09:55:25] PHP Notice:  Undefined index: ACTION in /var/www/wakaisangyo/doc_root/contact/index.php on line 14
[07-Dec-2011 09:55:25] PHP Notice:  Only variable references should be returned by reference in /var/www/wakaisangyo/doc_root/utils/CustomSmarty.class.php on line 50
[07-Dec-2011 09:55:26] PHP Notice:  Undefined index: ACTION in /var/www/wakaisangyo/doc_root/contact/index.php on line 14
[07-Dec-2011 09:55:26] PHP Notice:  Only variable references should be returned by reference in /var/www/wakaisangyo/doc_root/utils/CustomSmarty.class.php on line 50
[07-Dec-2011 09:58:05] PHP Notice:  Undefined index: ACTION in /var/www/wakaisangyo/doc_root/contact/index.php on line 14
[07-Dec-2011 09:58:05] PHP Notice:  Only variable references should be returned by reference in /var/www/wakaisangyo/doc_root/utils/CustomSmarty.class.php on line 50
[07-Dec-2011 09:58:07] PHP Notice:  Undefined index: ACTION in /var/www/wakaisangyo/doc_root/contact/index.php on line 14
[07-Dec-2011 09:58:07] PHP Notice:  Only variable references should be returned by reference in /var/www/wakaisangyo/doc_root/utils/CustomSmarty.class.php on line 50
[07-Dec-2011 17:20:23] PHP Notice:  Undefined index: ACTION in /var/www/wakaisangyo/doc_root/contact/index.php on line 14
[07-Dec-2011 17:20:23] PHP Notice:  Only variable references should be returned by reference in /var/www/wakaisangyo/doc_root/utils/CustomSmarty.class.php on line 50
